# JRE version: Java(TM) SE Runtime Environment (24.0.2+12) (build 24.0.2+12-54)
# Java VM: Java HotSpot(TM) 64-Bit Server VM (24.0.2+12-54, mixed mode, sharing, tiered, compressed oops, compressed class ptrs, g1 gc, windows-amd64)
GC Precious Log:
 CardTable entry size: 512
 Card Set container configuration: InlinePtr #cards 5 size 8 Array Of Cards #cards 10 size 36 Howl #buckets 4 coarsen threshold 1843 Howl Bitmap #cards 512 size 80 coarsen threshold 460 Card regions per heap region 1 cards per card region 2048
 CPUs: 4 total, 4 available
 Memory: 7541M
 Large Page Support: Disabled
 NUMA Support: Disabled
 Compressed Oops: Enabled (32-bit)
 Heap Region Size: 1M
 Heap Min Capacity: 8M
 Heap Initial Capacity: 118M
 Heap Max Capacity: 1886M
 Pre-touch: Disabled
 Parallel Workers: 4
 Concurrent Workers: 1
 Concurrent Refinement Workers: 4
 Periodic GC: Disabled
Heap:
 garbage-first heap   total reserved 1931264K, committed 79872K, used 34914K [0x000000008a200000, 0x0000000100000000)
  region size 1024K, 3 young (3072K), 0 survivors (0K)
 Metaspace       used 84572K, committed 85440K, reserved 1179648K
  class space    used 8748K, committed 9152K, reserved 1048576K
GC Heap History (20 events):
Event: 1176.130 GC heap before
{Heap before GC invocations=92 (full 14):
 garbage-first heap   total reserved 1931264K, committed 66560K, used 57469K [0x000000008a200000, 0x0000000100000000)
  region size 1024K, 26 young (26624K), 3 survivors (3072K)
 Metaspace       used 83451K, committed 84288K, reserved 1179648K
  class space    used 8664K, committed 9088K, reserved 1048576K
}
Event: 1176.134 GC heap after
{Heap after GC invocations=93 (full 14):
 garbage-first heap   total reserved 1931264K, committed 66560K, used 37066K [0x000000008a200000, 0x0000000100000000)
  region size 1024K, 3 young (3072K), 3 survivors (3072K)
 Metaspace       used 83451K, committed 84288K, reserved 1179648K
  class space    used 8664K, committed 9088K, reserved 1048576K
}
Event: 1176.666 GC heap before
{Heap before GC invocations=93 (full 14):
 garbage-first heap   total reserved 1931264K, committed 66560K, used 57546K [0x000000008a200000, 0x0000000100000000)
  region size 1024K, 23 young (23552K), 3 survivors (3072K)
 Metaspace       used 83581K, committed 84416K, reserved 1179648K
  class space    used 8672K, committed 9088K, reserved 1048576K
}
Event: 1176.670 GC heap after
{Heap after GC invocations=94 (full 14):
 garbage-first heap   total reserved 1931264K, committed 66560K, used 38474K [0x000000008a200000, 0x0000000100000000)
  region size 1024K, 2 young (2048K), 2 survivors (2048K)
 Metaspace       used 83581K, committed 84416K, reserved 1179648K
  class space    used 8672K, committed 9088K, reserved 1048576K
}
Event: 1178.083 GC heap before
{Heap before GC invocations=94 (full 14):
 garbage-first heap   total reserved 1931264K, committed 66560K, used 39498K [0x000000008a200000, 0x0000000100000000)
  region size 1024K, 4 young (4096K), 2 survivors (2048K)
 Metaspace       used 83606K, committed 84480K, reserved 1179648K
  class space    used 8672K, committed 9088K, reserved 1048576K
}
Event: 1178.135 GC heap after
{Heap after GC invocations=95 (full 15):
 garbage-first heap   total reserved 1931264K, committed 66560K, used 32336K [0x000000008a200000, 0x0000000100000000)
  region size 1024K, 0 young (0K), 0 survivors (0K)
 Metaspace       used 83604K, committed 84480K, reserved 1179648K
  class space    used 8672K, committed 9088K, reserved 1048576K
}
Event: 1178.743 GC heap before
{Heap before GC invocations=95 (full 15):
 garbage-first heap   total reserved 1931264K, committed 66560K, used 57936K [0x000000008a200000, 0x0000000100000000)
  region size 1024K, 25 young (25600K), 0 survivors (0K)
 Metaspace       used 83720K, committed 84544K, reserved 1179648K
  class space    used 8685K, committed 9088K, reserved 1048576K
}
Event: 1178.747 GC heap after
{Heap after GC invocations=96 (full 15):
 garbage-first heap   total reserved 1931264K, committed 66560K, used 35147K [0x000000008a200000, 0x0000000100000000)
  region size 1024K, 3 young (3072K), 3 survivors (3072K)
 Metaspace       used 83720K, committed 84544K, reserved 1179648K
  class space    used 8685K, committed 9088K, reserved 1048576K
}
Event: 1179.784 GC heap before
{Heap before GC invocations=97 (full 15):
 garbage-first heap   total reserved 1931264K, committed 66560K, used 56651K [0x000000008a200000, 0x0000000100000000)
  region size 1024K, 25 young (25600K), 3 survivors (3072K)
 Metaspace       used 83922K, committed 84736K, reserved 1179648K
  class space    used 8698K, committed 9088K, reserved 1048576K
}
Event: 1179.789 GC heap after
{Heap after GC invocations=98 (full 15):
 garbage-first heap   total reserved 1931264K, committed 66560K, used 36954K [0x000000008a200000, 0x0000000100000000)
  region size 1024K, 3 young (3072K), 3 survivors (3072K)
 Metaspace       used 83922K, committed 84736K, reserved 1179648K
  class space    used 8698K, committed 9088K, reserved 1048576K
}
Event: 1181.335 GC heap before
{Heap before GC invocations=98 (full 15):
 garbage-first heap   total reserved 1931264K, committed 66560K, used 56410K [0x000000008a200000, 0x0000000100000000)
  region size 1024K, 22 young (22528K), 3 survivors (3072K)
 Metaspace       used 84144K, committed 85056K, reserved 1179648K
  class space    used 8710K, committed 9152K, reserved 1048576K
}
Event: 1181.339 GC heap after
{Heap after GC invocations=99 (full 15):
 garbage-first heap   total reserved 1931264K, committed 66560K, used 39024K [0x000000008a200000, 0x0000000100000000)
  region size 1024K, 2 young (2048K), 2 survivors (2048K)
 Metaspace       used 84144K, committed 85056K, reserved 1179648K
  class space    used 8710K, committed 9152K, reserved 1048576K
}
Event: 1184.168 GC heap before
{Heap before GC invocations=99 (full 15):
 garbage-first heap   total reserved 1931264K, committed 66560K, used 42096K [0x000000008a200000, 0x0000000100000000)
  region size 1024K, 6 young (6144K), 2 survivors (2048K)
 Metaspace       used 84152K, committed 85056K, reserved 1179648K
  class space    used 8710K, committed 9152K, reserved 1048576K
}
Event: 1184.225 GC heap after
{Heap after GC invocations=100 (full 16):
 garbage-first heap   total reserved 1931264K, committed 66560K, used 32653K [0x000000008a200000, 0x0000000100000000)
  region size 1024K, 0 young (0K), 0 survivors (0K)
 Metaspace       used 84150K, committed 85056K, reserved 1179648K
  class space    used 8710K, committed 9152K, reserved 1048576K
}
Event: 1185.114 GC heap before
{Heap before GC invocations=100 (full 16):
 garbage-first heap   total reserved 1931264K, committed 66560K, used 58253K [0x000000008a200000, 0x0000000100000000)
  region size 1024K, 25 young (25600K), 0 survivors (0K)
 Metaspace       used 84254K, committed 85184K, reserved 1179648K
  class space    used 8722K, committed 9152K, reserved 1048576K
}
Event: 1185.117 GC heap after
{Heap after GC invocations=101 (full 16):
 garbage-first heap   total reserved 1931264K, committed 79872K, used 35339K [0x000000008a200000, 0x0000000100000000)
  region size 1024K, 3 young (3072K), 3 survivors (3072K)
 Metaspace       used 84254K, committed 85184K, reserved 1179648K
  class space    used 8722K, committed 9152K, reserved 1048576K
}
Event: 1188.120 GC heap before
{Heap before GC invocations=102 (full 16):
 garbage-first heap   total reserved 1931264K, committed 79872K, used 67083K [0x000000008a200000, 0x0000000100000000)
  region size 1024K, 35 young (35840K), 3 survivors (3072K)
 Metaspace       used 84551K, committed 85440K, reserved 1179648K
  class space    used 8747K, committed 9152K, reserved 1048576K
}
Event: 1188.126 GC heap after
{Heap after GC invocations=103 (full 16):
 garbage-first heap   total reserved 1931264K, committed 79872K, used 38002K [0x000000008a200000, 0x0000000100000000)
  region size 1024K, 5 young (5120K), 5 survivors (5120K)
 Metaspace       used 84551K, committed 85440K, reserved 1179648K
  class space    used 8747K, committed 9152K, reserved 1048576K
}
Event: 1191.002 GC heap before
{Heap before GC invocations=103 (full 16):
 garbage-first heap   total reserved 1931264K, committed 79872K, used 51314K [0x000000008a200000, 0x0000000100000000)
  region size 1024K, 19 young (19456K), 5 survivors (5120K)
 Metaspace       used 84560K, committed 85440K, reserved 1179648K
  class space    used 8747K, committed 9152K, reserved 1048576K
}
Event: 1191.063 GC heap after
{Heap after GC invocations=104 (full 17):
 garbage-first heap   total reserved 1931264K, committed 79872K, used 32866K [0x000000008a200000, 0x0000000100000000)
  region size 1024K, 0 young (0K), 0 survivors (0K)
 Metaspace       used 84557K, committed 85440K, reserved 1179648K
  class space    used 8747K, committed 9152K, reserved 1048576K
}

